#
# A fatal error has been detected by the Java Runtime Environment:
#
#  Internal Error (classFileParser.cpp:3494), pid=18677, tid=139832252569344
#  Error: ShouldNotReachHere()
#
# JRE version: 6.0_37-b06
# Java VM: Java HotSpot(TM) 64-Bit Server VM (20.12-b01 mixed mode linux-amd64 compressed oops)
# If you would like to submit a bug report, please visit:
#   http://java.sun.com/webapps/bugreport/crash.jsp
#

---------------  T H R E A D  ---------------

Current thread (0x00007f2d34006000):  JavaThread "Unknown thread" [_thread_in_vm, id=18682, stack(0x00007f2d3bae1000,0x00007f2d3bbe2000)]

Stack: [0x00007f2d3bae1000,0x00007f2d3bbe2000],  sp=0x00007f2d3bbe0110,  free space=1020k
Native frames: (J=compiled Java code, j=interpreted, Vv=VM code, C=native code)
V  [libjvm.so+0x861275]  VMError::report_and_die()+0x265
V  [libjvm.so+0x3e5736]  report_should_not_reach_here(char const*, int)+0x46
V  [libjvm.so+0x36eacb]  ClassFileParser::parseClassFile(symbolHandle, Handle, Handle, KlassHandle, GrowableArray<Handle>*, symbolHandle&, bool, Thread*)+0x2b8b
V  [libjvm.so+0x374f5f]  ClassLoader::load_classfile(symbolHandle, Thread*)+0x22f
V  [libjvm.so+0x7ee06f]  SystemDictionary::load_instance_class(symbolHandle, Handle, Thread*)+0xef
V  [libjvm.so+0x7ec055]  SystemDictionary::resolve_instance_class_or_null(symbolHandle, Handle, Handle, Thread*)+0x575
V  [libjvm.so+0x7eade1]  SystemDictionary::resolve_or_null(symbolHandle, Handle, Handle, Thread*)+0x81
V  [libjvm.so+0x7ea9f4]  SystemDictionary::resolve_or_fail(symbolHandle, Handle, Handle, bool, Thread*)+0x34
V  [libjvm.so+0x7ef870]  SystemDictionary::initialize_wk_klass(SystemDictionary::WKID, int, Thread*)+0x70
V  [libjvm.so+0x7ef905]  SystemDictionary::initialize_wk_klasses_until(SystemDictionary::WKID, SystemDictionary::WKID&, Thread*)+0x45
V  [libjvm.so+0x7ef9e5]  SystemDictionary::initialize_preloaded_classes(Thread*)+0x75
V  [libjvm.so+0x7ef798]  SystemDictionary::initialize(Thread*)+0xd8
V  [libjvm.so+0x837168]  Universe::genesis(Thread*)+0x598
V  [libjvm.so+0x839099]  universe2_init()+0x29
V  [libjvm.so+0x4adc8c]  init_globals()+0x8c
V  [libjvm.so+0x81f484]  Threads::create_vm(JavaVMInitArgs*, bool*)+0x214
V  [libjvm.so+0x51c060]  JNI_CreateJavaVM+0x80


---------------  P R O C E S S  ---------------

Java Threads: ( => current thread )

Other Threads:

=>0x00007f2d34006000 (exited) JavaThread "Unknown thread" [_thread_in_vm, id=18682, stack(0x00007f2d3bae1000,0x00007f2d3bbe2000)]

VM state:not at safepoint (not fully initialized)

VM Mutex/Monitor currently owned by a thread: None

Dynamic libraries:
40000000-40009000 r-xp 00000000 08:02 1312669                            /opt/jdk-1.6-x86_64/bin/java
40108000-4010a000 rwxp 00008000 08:02 1312669                            /opt/jdk-1.6-x86_64/bin/java
4178f000-417b0000 rwxp 00000000 00:00 0                                  [heap]
bec00000-c00c0000 rwxp 00000000 00:00 0 
c00c0000-c3e00000 rwxp 00000000 00:00 0 
c3e00000-c6610000 rwxp 00000000 00:00 0 
c6610000-ebf60000 rwxp 00000000 00:00 0 
ebf60000-ed360000 rwxp 00000000 00:00 0 
ed360000-100000000 rwxp 00000000 00:00 0 
3651c00000-3651c20000 r-xp 00000000 08:02 1837250                        /usr/lib64/ld-2.15.so
3651e1f000-3651e20000 r-xp 0001f000 08:02 1837250                        /usr/lib64/ld-2.15.so
3651e20000-3651e21000 rwxp 00020000 08:02 1837250                        /usr/lib64/ld-2.15.so
3651e21000-3651e22000 rwxp 00000000 00:00 0 
3652000000-36521ac000 r-xp 00000000 08:02 1841031                        /usr/lib64/libc-2.15.so
36521ac000-36523ac000 ---p 001ac000 08:02 1841031                        /usr/lib64/libc-2.15.so
36523ac000-36523b0000 r-xp 001ac000 08:02 1841031                        /usr/lib64/libc-2.15.so
36523b0000-36523b2000 rwxp 001b0000 08:02 1841031                        /usr/lib64/libc-2.15.so
36523b2000-36523b7000 rwxp 00000000 00:00 0 
3652400000-36524fa000 r-xp 00000000 08:02 1843098                        /usr/lib64/libm-2.15.so
36524fa000-36526f9000 ---p 000fa000 08:02 1843098                        /usr/lib64/libm-2.15.so
36526f9000-36526fa000 r-xp 000f9000 08:02 1843098                        /usr/lib64/libm-2.15.so
36526fa000-36526fb000 rwxp 000fa000 08:02 1843098                        /usr/lib64/libm-2.15.so
3652800000-3652803000 r-xp 00000000 08:02 1843085                        /usr/lib64/libdl-2.15.so
3652803000-3652a02000 ---p 00003000 08:02 1843085                        /usr/lib64/libdl-2.15.so
3652a02000-3652a03000 r-xp 00002000 08:02 1843085                        /usr/lib64/libdl-2.15.so
3652a03000-3652a04000 rwxp 00003000 08:02 1843085                        /usr/lib64/libdl-2.15.so
3652c00000-3652c16000 r-xp 00000000 08:02 1843091                        /usr/lib64/libpthread-2.15.so
3652c16000-3652e16000 ---p 00016000 08:02 1843091                        /usr/lib64/libpthread-2.15.so
3652e16000-3652e17000 r-xp 00016000 08:02 1843091                        /usr/lib64/libpthread-2.15.so
3652e17000-3652e18000 rwxp 00017000 08:02 1843091                        /usr/lib64/libpthread-2.15.so
3652e18000-3652e1c000 rwxp 00000000 00:00 0 
3653400000-3653407000 r-xp 00000000 08:02 1843113                        /usr/lib64/librt-2.15.so
3653407000-3653606000 ---p 00007000 08:02 1843113                        /usr/lib64/librt-2.15.so
3653606000-3653607000 r-xp 00006000 08:02 1843113                        /usr/lib64/librt-2.15.so
3653607000-3653608000 rwxp 00007000 08:02 1843113                        /usr/lib64/librt-2.15.so
366aa00000-366aa16000 r-xp 00000000 08:02 1843790                        /usr/lib64/libnsl-2.15.so
366aa16000-366ac15000 ---p 00016000 08:02 1843790                        /usr/lib64/libnsl-2.15.so
366ac15000-366ac16000 r-xp 00015000 08:02 1843790                        /usr/lib64/libnsl-2.15.so
366ac16000-366ac17000 rwxp 00016000 08:02 1843790                        /usr/lib64/libnsl-2.15.so
366ac17000-366ac19000 rwxp 00000000 00:00 0 
7f2d20000000-7f2d20021000 rwxp 00000000 00:00 0 
7f2d20021000-7f2d24000000 ---p 00000000 00:00 0 
7f2d24000000-7f2d24021000 rwxp 00000000 00:00 0 
7f2d24021000-7f2d28000000 ---p 00000000 00:00 0 
7f2d2be15000-7f2d2bed7000 r-xs 00c91000 08:02 4089857                    /opt/eclipse-java-4.2.0/plugins/android-sdk-linux/platforms/android-16/android.jar
7f2d2bed7000-7f2d2beff000 rwxp 00000000 00:00 0 
7f2d2beff000-7f2d2bf00000 ---p 00000000 00:00 0 
7f2d2bf00000-7f2d2c000000 rwxp 00000000 00:00 0                          [stack:18686]
7f2d2c000000-7f2d2c021000 rwxp 00000000 00:00 0 
7f2d2c021000-7f2d30000000 ---p 00000000 00:00 0 
7f2d30000000-7f2d30021000 rwxp 00000000 00:00 0 
7f2d30021000-7f2d34000000 ---p 00000000 00:00 0 
7f2d34000000-7f2d3407e000 rwxp 00000000 00:00 0 
7f2d3407e000-7f2d38000000 ---p 00000000 00:00 0 
7f2d38022000-7f2d38023000 ---p 00000000 00:00 0 
7f2d38023000-7f2d38123000 rwxp 00000000 00:00 0                          [stack:18685]
7f2d38123000-7f2d38124000 ---p 00000000 00:00 0 
7f2d38124000-7f2d38224000 rwxp 00000000 00:00 0                          [stack:18684]
7f2d38224000-7f2d38225000 ---p 00000000 00:00 0 
7f2d38225000-7f2d38330000 rwxp 00000000 00:00 0                          [stack:18683]
7f2d38330000-7f2d3834e000 rwxp 00000000 00:00 0 
7f2d3834e000-7f2d38363000 rwxp 00000000 00:00 0 
7f2d38363000-7f2d3848f000 rwxp 00000000 00:00 0 
7f2d3848f000-7f2d3849a000 rwxp 00000000 00:00 0 
7f2d3849a000-7f2d384b8000 rwxp 00000000 00:00 0 
7f2d384b8000-7f2d384cd000 rwxp 00000000 00:00 0 
7f2d384cd000-7f2d385f8000 rwxp 00000000 00:00 0 
7f2d385f8000-7f2d38603000 rwxp 00000000 00:00 0 
7f2d38603000-7f2d38699000 rwxp 00000000 00:00 0 
7f2d38699000-7f2d386a4000 rwxp 00000000 00:00 0 
7f2d386a4000-7f2d3875a000 rwxp 00000000 00:00 0 
7f2d3875a000-7f2d389ca000 rwxp 00000000 00:00 0 
7f2d389ca000-7f2d3b75a000 rwxp 00000000 00:00 0 
7f2d3b75a000-7f2d3b768000 r-xp 00000000 08:02 1314387                    /opt/jdk-1.6-x86_64/jre/lib/amd64/libzip.so
7f2d3b768000-7f2d3b86a000 ---p 0000e000 08:02 1314387                    /opt/jdk-1.6-x86_64/jre/lib/amd64/libzip.so
7f2d3b86a000-7f2d3b86d000 rwxp 00010000 08:02 1314387                    /opt/jdk-1.6-x86_64/jre/lib/amd64/libzip.so
7f2d3b86d000-7f2d3b86e000 rwxp 00000000 00:00 0 
7f2d3b86e000-7f2d3b8a3000 r-xs 00000000 08:02 525555                     /var/db/nscd/passwd
7f2d3b8a3000-7f2d3b8cc000 r-xp 00000000 08:02 1314365                    /opt/jdk-1.6-x86_64/jre/lib/amd64/libjava.so
7f2d3b8cc000-7f2d3b9cb000 ---p 00029000 08:02 1314365                    /opt/jdk-1.6-x86_64/jre/lib/amd64/libjava.so
7f2d3b9cb000-7f2d3b9d2000 rwxp 00028000 08:02 1314365                    /opt/jdk-1.6-x86_64/jre/lib/amd64/libjava.so
7f2d3b9d2000-7f2d3b9df000 r-xp 00000000 08:02 1314386                    /opt/jdk-1.6-x86_64/jre/lib/amd64/libverify.so
7f2d3b9df000-7f2d3bade000 ---p 0000d000 08:02 1314386                    /opt/jdk-1.6-x86_64/jre/lib/amd64/libverify.so
7f2d3bade000-7f2d3bae1000 rwxp 0000c000 08:02 1314386                    /opt/jdk-1.6-x86_64/jre/lib/amd64/libverify.so
7f2d3bae1000-7f2d3bae4000 ---p 00000000 00:00 0 
7f2d3bae4000-7f2d3bbe2000 rwxp 00000000 00:00 0                          [stack:18682]
7f2d3bbe2000-7f2d3c4ff000 r-xp 00000000 08:02 1314392                    /opt/jdk-1.6-x86_64/jre/lib/amd64/server/libjvm.so
7f2d3c4ff000-7f2d3c5fe000 ---p 0091d000 08:02 1314392                    /opt/jdk-1.6-x86_64/jre/lib/amd64/server/libjvm.so
7f2d3c5fe000-7f2d3c7b4000 rwxp 0091c000 08:02 1314392                    /opt/jdk-1.6-x86_64/jre/lib/amd64/server/libjvm.so
7f2d3c7b4000-7f2d3c7f1000 rwxp 00000000 00:00 0 
7f2d3c7f1000-7f2d3c7f8000 r-xp 00000000 08:02 1314348                    /opt/jdk-1.6-x86_64/jre/lib/amd64/jli/libjli.so
7f2d3c7f8000-7f2d3c8f9000 ---p 00007000 08:02 1314348                    /opt/jdk-1.6-x86_64/jre/lib/amd64/jli/libjli.so
7f2d3c8f9000-7f2d3c8fb000 rwxp 00008000 08:02 1314348                    /opt/jdk-1.6-x86_64/jre/lib/amd64/jli/libjli.so
7f2d3c8fb000-7f2d3c8fc000 rwxp 00000000 00:00 0 
7f2d3c91e000-7f2d3c926000 rwxs 00000000 08:03 38                         /tmp/hsperfdata_awzurn/18677
7f2d3c926000-7f2d3c927000 rwxp 00000000 00:00 0 
7f2d3c927000-7f2d3c928000 r-xp 00000000 00:00 0 
7f2d3c928000-7f2d3c929000 rwxp 00000000 00:00 0 
7fff1e78d000-7fff1e7ae000 rwxp 00000000 00:00 0                          [stack]
7fff1e7ff000-7fff1e800000 r-xp 00000000 00:00 0                          [vdso]
ffffffffff600000-ffffffffff601000 r-xp 00000000 00:00 0                  [vsyscall]

VM Arguments:
jvm_args: -Dfile.encoding=UTF-8 -Xbootclasspath:/opt/eclipse-java-4.2.0/plugins/android-sdk-linux/platforms/android-16/android.jar 
java_command: org.eclipse.jdt.internal.junit.runner.RemoteTestRunner -version 3 -port 51023 -testLoaderClass org.eclipse.jdt.internal.junit.runner.junit3.JUnit3TestLoader -loaderpluginname org.eclipse.jdt.junit.runtime -classNames edu.csbsju.whats.happenin.test.HappeninTest
Launcher Type: SUN_STANDARD

Environment Variables:
CLASSPATH=/home/f10/awzurn/JavaPackages:/usr/people/classes/Java:/usr/share/java/mysql-connector-java.jar:/usr/share/java/junit.jar:/usr/people/classes/Java/objectdraw/objectdraw.jar:.
PATH=/opt/bin:/opt/java-jdk/bin:/opt/intel/bin:/usr/lib64/qt-3.3/bin:/usr/NX/bin:/usr/local/bin:/bin:/usr/bin:/usr/local/sbin:/usr/sbin:/sbin:/opt/cuda-toolkit/bin:/opt/lejos-3.0rc2/bin:/opt/lejos-nxj-0.9.1/bin:/home/f10/awzurn/bin:/usr/local/physics/bin:/usr/local/fortran/bin:/usr/people/classes/apps/unix/bin:/usr/people/classes/writeups/bin:.
LD_LIBRARY_PATH=/opt/jdk-1.6-x86_64/jre/lib/amd64/server:/opt/jdk-1.6-x86_64/jre/lib/amd64:/opt/jdk-1.6-x86_64/jre/../lib/amd64
SHELL=/bin/tcsh
DISPLAY=:1.0
HOSTTYPE=x86_64-linux
OSTYPE=linux
MACHTYPE=x86_64

Signal Handlers:
SIGSEGV: [libjvm.so+0x861ea0], sa_mask[0]=0x7ffbfeff, sa_flags=0x10000004
SIGBUS: [libjvm.so+0x861ea0], sa_mask[0]=0x7ffbfeff, sa_flags=0x10000004
SIGFPE: [libjvm.so+0x70fc60], sa_mask[0]=0x7ffbfeff, sa_flags=0x10000004
SIGPIPE: [libjvm.so+0x70fc60], sa_mask[0]=0x7ffbfeff, sa_flags=0x10000004
SIGXFSZ: [libjvm.so+0x70fc60], sa_mask[0]=0x7ffbfeff, sa_flags=0x10000004
SIGILL: [libjvm.so+0x70fc60], sa_mask[0]=0x7ffbfeff, sa_flags=0x10000004
SIGUSR1: SIG_DFL, sa_mask[0]=0x00000000, sa_flags=0x00000000
SIGUSR2: [libjvm.so+0x712a90], sa_mask[0]=0x00000004, sa_flags=0x10000004
SIGHUP: SIG_DFL, sa_mask[0]=0x00000000, sa_flags=0x00000000
SIGINT: SIG_DFL, sa_mask[0]=0x00000000, sa_flags=0x00000000
SIGTERM: SIG_DFL, sa_mask[0]=0x00000000, sa_flags=0x00000000
SIGQUIT: SIG_DFL, sa_mask[0]=0x00000000, sa_flags=0x00000000


---------------  S Y S T E M  ---------------

OS:Fedora release 17 (Beefy Miracle)

uname:Linux 3.5.2-1.fc17.x86_64 #1 SMP Wed Aug 15 16:09:27 UTC 2012 x86_64
libc:glibc 2.15 NPTL 2.15 
rlimit: STACK 8192k, CORE 0k, NPROC 1024, NOFILE 4096, AS infinity
load average:1.41 0.67 0.34

/proc/meminfo:
MemTotal:        3935768 kB
MemFree:          127064 kB
Buffers:          127632 kB
Cached:          1902864 kB
SwapCached:         3832 kB
Active:          1846572 kB
Inactive:        1503752 kB
Active(anon):     856676 kB
Inactive(anon):   608072 kB
Active(file):     989896 kB
Inactive(file):   895680 kB
Unevictable:           0 kB
Mlocked:               0 kB
SwapTotal:       7998460 kB
SwapFree:        7969368 kB
Dirty:              1064 kB
Writeback:             0 kB
AnonPages:       1318096 kB
Mapped:           153020 kB
Shmem:            144740 kB
Slab:             336444 kB
SReclaimable:     300868 kB
SUnreclaim:        35576 kB
KernelStack:        3472 kB
PageTables:        48628 kB
NFS_Unstable:          0 kB
Bounce:                0 kB
WritebackTmp:          0 kB
CommitLimit:     9966344 kB
Committed_AS:    3988324 kB
VmallocTotal:   34359738367 kB
VmallocUsed:      576200 kB
VmallocChunk:   34359111092 kB
HardwareCorrupted:     0 kB
AnonHugePages:    382976 kB
HugePages_Total:       0
HugePages_Free:        0
HugePages_Rsvd:        0
HugePages_Surp:        0
Hugepagesize:       2048 kB
DirectMap4k:       65536 kB
DirectMap2M:     2971648 kB


CPU:total 4 (4 cores per cpu, 1 threads per core) family 6 model 42 stepping 7, cmov, cx8, fxsr, mmx, sse, sse2, sse3, ssse3, sse4.1, sse4.2, popcnt

/proc/cpuinfo:
processor	: 0
vendor_id	: GenuineIntel
cpu family	: 6
model		: 42
model name	: Intel(R) Core(TM) i5-2400 CPU @ 3.10GHz
stepping	: 7
microcode	: 0x28
cpu MHz		: 1600.000
cache size	: 6144 KB
physical id	: 0
siblings	: 4
core id		: 0
cpu cores	: 4
apicid		: 0
initial apicid	: 0
fpu		: yes
fpu_exception	: yes
cpuid level	: 13
wp		: yes
flags		: fpu vme de pse tsc msr pae mce cx8 apic sep mtrr pge mca cmov pat pse36 clflush dts acpi mmx fxsr sse sse2 ss ht tm pbe syscall nx rdtscp lm constant_tsc arch_perfmon pebs bts rep_good nopl xtopology nonstop_tsc aperfmperf pni pclmulqdq dtes64 monitor ds_cpl vmx smx est tm2 ssse3 cx16 xtpr pdcm pcid sse4_1 sse4_2 x2apic popcnt tsc_deadline_timer aes xsave avx lahf_lm ida arat epb xsaveopt pln pts dtherm tpr_shadow vnmi flexpriority ept vpid
bogomips	: 6185.59
clflush size	: 64
cache_alignment	: 64
address sizes	: 36 bits physical, 48 bits virtual
power management:

processor	: 1
vendor_id	: GenuineIntel
cpu family	: 6
model		: 42
model name	: Intel(R) Core(TM) i5-2400 CPU @ 3.10GHz
stepping	: 7
microcode	: 0x28
cpu MHz		: 1600.000
cache size	: 6144 KB
physical id	: 0
siblings	: 4
core id		: 1
cpu cores	: 4
apicid		: 2
initial apicid	: 2
fpu		: yes
fpu_exception	: yes
cpuid level	: 13
wp		: yes
flags		: fpu vme de pse tsc msr pae mce cx8 apic sep mtrr pge mca cmov pat pse36 clflush dts acpi mmx fxsr sse sse2 ss ht tm pbe syscall nx rdtscp lm constant_tsc arch_perfmon pebs bts rep_good nopl xtopology nonstop_tsc aperfmperf pni pclmulqdq dtes64 monitor ds_cpl vmx smx est tm2 ssse3 cx16 xtpr pdcm pcid sse4_1 sse4_2 x2apic popcnt tsc_deadline_timer aes xsave avx lahf_lm ida arat epb xsaveopt pln pts dtherm tpr_shadow vnmi flexpriority ept vpid
bogomips	: 6185.59
clflush size	: 64
cache_alignment	: 64
address sizes	: 36 bits physical, 48 bits virtual
power management:

processor	: 2
vendor_id	: GenuineIntel
cpu family	: 6
model		: 42
model name	: Intel(R) Core(TM) i5-2400 CPU @ 3.10GHz
stepping	: 7
microcode	: 0x28
cpu MHz		: 3101.000
cache size	: 6144 KB
physical id	: 0
siblings	: 4
core id		: 2
cpu cores	: 4
apicid		: 4
initial apicid	: 4
fpu		: yes
fpu_exception	: yes
cpuid level	: 13
wp		: yes
flags		: fpu vme de pse tsc msr pae mce cx8 apic sep mtrr pge mca cmov pat pse36 clflush dts acpi mmx fxsr sse sse2 ss ht tm pbe syscall nx rdtscp lm constant_tsc arch_perfmon pebs bts rep_good nopl xtopology nonstop_tsc aperfmperf pni pclmulqdq dtes64 monitor ds_cpl vmx smx est tm2 ssse3 cx16 xtpr pdcm pcid sse4_1 sse4_2 x2apic popcnt tsc_deadline_timer aes xsave avx lahf_lm ida arat epb xsaveopt pln pts dtherm tpr_shadow vnmi flexpriority ept vpid
bogomips	: 6185.59
clflush size	: 64
cache_alignment	: 64
address sizes	: 36 bits physical, 48 bits virtual
power management:

processor	: 3
vendor_id	: GenuineIntel
cpu family	: 6
model		: 42
model name	: Intel(R) Core(TM) i5-2400 CPU @ 3.10GHz
stepping	: 7
microcode	: 0x28
cpu MHz		: 3101.000
cache size	: 6144 KB
physical id	: 0
siblings	: 4
core id		: 3
cpu cores	: 4
apicid		: 6
initial apicid	: 6
fpu		: yes
fpu_exception	: yes
cpuid level	: 13
wp		: yes
flags		: fpu vme de pse tsc msr pae mce cx8 apic sep mtrr pge mca cmov pat pse36 clflush dts acpi mmx fxsr sse sse2 ss ht tm pbe syscall nx rdtscp lm constant_tsc arch_perfmon pebs bts rep_good nopl xtopology nonstop_tsc aperfmperf pni pclmulqdq dtes64 monitor ds_cpl vmx smx est tm2 ssse3 cx16 xtpr pdcm pcid sse4_1 sse4_2 x2apic popcnt tsc_deadline_timer aes xsave avx lahf_lm ida arat epb xsaveopt pln pts dtherm tpr_shadow vnmi flexpriority ept vpid
bogomips	: 6185.59
clflush size	: 64
cache_alignment	: 64
address sizes	: 36 bits physical, 48 bits virtual
power management:



Memory: 4k page, physical 3935768k(127064k free), swap 7998460k(7969368k free)

vm_info: Java HotSpot(TM) 64-Bit Server VM (20.12-b01) for linux-amd64 JRE (1.6.0_37-b06), built on Sep 24 2012 11:47:45 by "java_re" with gcc 3.2.2 (SuSE Linux)

time: Tue Nov 20 14:31:19 2012
elapsed time: 0 seconds

