#
# A fatal error has been detected by the Java Runtime Environment:
#
#  Internal Error (classFileParser.cpp:3494), pid=12107, tid=140677914404608
#  Error: ShouldNotReachHere()
#
# JRE version: 6.0_37-b06
# Java VM: Java HotSpot(TM) 64-Bit Server VM (20.12-b01 mixed mode linux-amd64 compressed oops)
# If you would like to submit a bug report, please visit:
#   http://java.sun.com/webapps/bugreport/crash.jsp
#

---------------  T H R E A D  ---------------

Current thread (0x00007ff21c006000):  JavaThread "Unknown thread" [_thread_in_vm, id=12113, stack(0x00007ff2210da000,0x00007ff2211db000)]

Stack: [0x00007ff2210da000,0x00007ff2211db000],  sp=0x00007ff2211d9110,  free space=1020k
Native frames: (J=compiled Java code, j=interpreted, Vv=VM code, C=native code)
V  [libjvm.so+0x861275]  VMError::report_and_die()+0x265
V  [libjvm.so+0x3e5736]  report_should_not_reach_here(char const*, int)+0x46
V  [libjvm.so+0x36eacb]  ClassFileParser::parseClassFile(symbolHandle, Handle, Handle, KlassHandle, GrowableArray<Handle>*, symbolHandle&, bool, Thread*)+0x2b8b
V  [libjvm.so+0x374f5f]  ClassLoader::load_classfile(symbolHandle, Thread*)+0x22f
V  [libjvm.so+0x7ee06f]  SystemDictionary::load_instance_class(symbolHandle, Handle, Thread*)+0xef
V  [libjvm.so+0x7ec055]  SystemDictionary::resolve_instance_class_or_null(symbolHandle, Handle, Handle, Thread*)+0x575
V  [libjvm.so+0x7eade1]  SystemDictionary::resolve_or_null(symbolHandle, Handle, Handle, Thread*)+0x81
V  [libjvm.so+0x7ea9f4]  SystemDictionary::resolve_or_fail(symbolHandle, Handle, Handle, bool, Thread*)+0x34
V  [libjvm.so+0x7ef870]  SystemDictionary::initialize_wk_klass(SystemDictionary::WKID, int, Thread*)+0x70
V  [libjvm.so+0x7ef905]  SystemDictionary::initialize_wk_klasses_until(SystemDictionary::WKID, SystemDictionary::WKID&, Thread*)+0x45
V  [libjvm.so+0x7ef9e5]  SystemDictionary::initialize_preloaded_classes(Thread*)+0x75
V  [libjvm.so+0x7ef798]  SystemDictionary::initialize(Thread*)+0xd8
V  [libjvm.so+0x837168]  Universe::genesis(Thread*)+0x598
V  [libjvm.so+0x839099]  universe2_init()+0x29
V  [libjvm.so+0x4adc8c]  init_globals()+0x8c
V  [libjvm.so+0x81f484]  Threads::create_vm(JavaVMInitArgs*, bool*)+0x214
V  [libjvm.so+0x51c060]  JNI_CreateJavaVM+0x80


---------------  P R O C E S S  ---------------

Java Threads: ( => current thread )

Other Threads:

=>0x00007ff21c006000 (exited) JavaThread "Unknown thread" [_thread_in_vm, id=12113, stack(0x00007ff2210da000,0x00007ff2211db000)]

VM state:not at safepoint (not fully initialized)

VM Mutex/Monitor currently owned by a thread: None

Dynamic libraries:
40000000-40009000 r-xp 00000000 08:02 657308                             /opt/jdk-1.6-x86_64/bin/java
40108000-4010a000 rwxp 00008000 08:02 657308                             /opt/jdk-1.6-x86_64/bin/java
41f1b000-41f3c000 rwxp 00000000 00:00 0                                  [heap]
bda00000-beec0000 rwxp 00000000 00:00 0 
beec0000-c2c00000 rwxp 00000000 00:00 0 
c2c00000-c54d0000 rwxp 00000000 00:00 0 
c54d0000-eb960000 rwxp 00000000 00:00 0 
eb960000-ecdc0000 rwxp 00000000 00:00 0 
ecdc0000-100000000 rwxp 00000000 00:00 0 
3651c00000-3651c20000 r-xp 00000000 08:02 1056235                        /usr/lib64/ld-2.15.so
3651e1f000-3651e20000 r-xp 0001f000 08:02 1056235                        /usr/lib64/ld-2.15.so
3651e20000-3651e21000 rwxp 00020000 08:02 1056235                        /usr/lib64/ld-2.15.so
3651e21000-3651e22000 rwxp 00000000 00:00 0 
3652000000-36521ac000 r-xp 00000000 08:02 1060016                        /usr/lib64/libc-2.15.so
36521ac000-36523ac000 ---p 001ac000 08:02 1060016                        /usr/lib64/libc-2.15.so
36523ac000-36523b0000 r-xp 001ac000 08:02 1060016                        /usr/lib64/libc-2.15.so
36523b0000-36523b2000 rwxp 001b0000 08:02 1060016                        /usr/lib64/libc-2.15.so
36523b2000-36523b7000 rwxp 00000000 00:00 0 
3652400000-36524fa000 r-xp 00000000 08:02 1062083                        /usr/lib64/libm-2.15.so
36524fa000-36526f9000 ---p 000fa000 08:02 1062083                        /usr/lib64/libm-2.15.so
36526f9000-36526fa000 r-xp 000f9000 08:02 1062083                        /usr/lib64/libm-2.15.so
36526fa000-36526fb000 rwxp 000fa000 08:02 1062083                        /usr/lib64/libm-2.15.so
3652800000-3652803000 r-xp 00000000 08:02 1062070                        /usr/lib64/libdl-2.15.so
3652803000-3652a02000 ---p 00003000 08:02 1062070                        /usr/lib64/libdl-2.15.so
3652a02000-3652a03000 r-xp 00002000 08:02 1062070                        /usr/lib64/libdl-2.15.so
3652a03000-3652a04000 rwxp 00003000 08:02 1062070                        /usr/lib64/libdl-2.15.so
3652c00000-3652c16000 r-xp 00000000 08:02 1062076                        /usr/lib64/libpthread-2.15.so
3652c16000-3652e16000 ---p 00016000 08:02 1062076                        /usr/lib64/libpthread-2.15.so
3652e16000-3652e17000 r-xp 00016000 08:02 1062076                        /usr/lib64/libpthread-2.15.so
3652e17000-3652e18000 rwxp 00017000 08:02 1062076                        /usr/lib64/libpthread-2.15.so
3652e18000-3652e1c000 rwxp 00000000 00:00 0 
3653400000-3653407000 r-xp 00000000 08:02 1062098                        /usr/lib64/librt-2.15.so
3653407000-3653606000 ---p 00007000 08:02 1062098                        /usr/lib64/librt-2.15.so
3653606000-3653607000 r-xp 00006000 08:02 1062098                        /usr/lib64/librt-2.15.so
3653607000-3653608000 rwxp 00007000 08:02 1062098                        /usr/lib64/librt-2.15.so
366aa00000-366aa16000 r-xp 00000000 08:02 1062775                        /usr/lib64/libnsl-2.15.so
366aa16000-366ac15000 ---p 00016000 08:02 1062775                        /usr/lib64/libnsl-2.15.so
366ac15000-366ac16000 r-xp 00015000 08:02 1062775                        /usr/lib64/libnsl-2.15.so
366ac16000-366ac17000 rwxp 00016000 08:02 1062775                        /usr/lib64/libnsl-2.15.so
366ac17000-366ac19000 rwxp 00000000 00:00 0 
7ff204000000-7ff204021000 rwxp 00000000 00:00 0 
7ff204021000-7ff208000000 ---p 00000000 00:00 0 
7ff20c000000-7ff20c021000 rwxp 00000000 00:00 0 
7ff20c021000-7ff210000000 ---p 00000000 00:00 0 
7ff210000000-7ff210021000 rwxp 00000000 00:00 0 
7ff210021000-7ff214000000 ---p 00000000 00:00 0 
7ff214000000-7ff214021000 rwxp 00000000 00:00 0 
7ff214021000-7ff218000000 ---p 00000000 00:00 0 
7ff219000000-7ff219270000 rwxp 00000000 00:00 0 
7ff219270000-7ff21c07e000 rwxp 00000000 00:00 0 
7ff21c07e000-7ff220000000 ---p 00000000 00:00 0 
7ff220421000-7ff2204e3000 r-xs 00c91000 08:02 4210846                    /opt/eclipse-java-4.2.0/plugins/android-sdk-linux/platforms/android-16/android.jar
7ff2204e3000-7ff22050b000 rwxp 00000000 00:00 0 
7ff22050b000-7ff22050c000 ---p 00000000 00:00 0 
7ff22050c000-7ff22060c000 rwxp 00000000 00:00 0                          [stack:12117]
7ff22060c000-7ff22060d000 ---p 00000000 00:00 0 
7ff22060d000-7ff22070d000 rwxp 00000000 00:00 0                          [stack:12116]
7ff22070d000-7ff22070e000 ---p 00000000 00:00 0 
7ff22070e000-7ff22080e000 rwxp 00000000 00:00 0                          [stack:12115]
7ff22080e000-7ff22080f000 ---p 00000000 00:00 0 
7ff22080f000-7ff22091a000 rwxp 00000000 00:00 0                          [stack:12114]
7ff22091a000-7ff220938000 rwxp 00000000 00:00 0 
7ff220938000-7ff22094d000 rwxp 00000000 00:00 0 
7ff22094d000-7ff220a7f000 rwxp 00000000 00:00 0 
7ff220a7f000-7ff220a8a000 rwxp 00000000 00:00 0 
7ff220a8a000-7ff220aa8000 rwxp 00000000 00:00 0 
7ff220aa8000-7ff220abd000 rwxp 00000000 00:00 0 
7ff220abd000-7ff220bee000 rwxp 00000000 00:00 0 
7ff220bee000-7ff220bf9000 rwxp 00000000 00:00 0 
7ff220bf9000-7ff220c92000 rwxp 00000000 00:00 0 
7ff220c92000-7ff220c9d000 rwxp 00000000 00:00 0 
7ff220c9d000-7ff220d53000 rwxp 00000000 00:00 0 
7ff220d53000-7ff220d61000 r-xp 00000000 08:02 659026                     /opt/jdk-1.6-x86_64/jre/lib/amd64/libzip.so
7ff220d61000-7ff220e63000 ---p 0000e000 08:02 659026                     /opt/jdk-1.6-x86_64/jre/lib/amd64/libzip.so
7ff220e63000-7ff220e66000 rwxp 00010000 08:02 659026                     /opt/jdk-1.6-x86_64/jre/lib/amd64/libzip.so
7ff220e66000-7ff220e67000 rwxp 00000000 00:00 0 
7ff220e67000-7ff220e9c000 r-xs 00000000 08:02 2906396                    /var/db/nscd/passwd
7ff220e9c000-7ff220ec5000 r-xp 00000000 08:02 659004                     /opt/jdk-1.6-x86_64/jre/lib/amd64/libjava.so
7ff220ec5000-7ff220fc4000 ---p 00029000 08:02 659004                     /opt/jdk-1.6-x86_64/jre/lib/amd64/libjava.so
7ff220fc4000-7ff220fcb000 rwxp 00028000 08:02 659004                     /opt/jdk-1.6-x86_64/jre/lib/amd64/libjava.so
7ff220fcb000-7ff220fd8000 r-xp 00000000 08:02 659025                     /opt/jdk-1.6-x86_64/jre/lib/amd64/libverify.so
7ff220fd8000-7ff2210d7000 ---p 0000d000 08:02 659025                     /opt/jdk-1.6-x86_64/jre/lib/amd64/libverify.so
7ff2210d7000-7ff2210da000 rwxp 0000c000 08:02 659025                     /opt/jdk-1.6-x86_64/jre/lib/amd64/libverify.so
7ff2210da000-7ff2210dd000 ---p 00000000 00:00 0 
7ff2210dd000-7ff2211db000 rwxp 00000000 00:00 0                          [stack:12113]
7ff2211db000-7ff221af8000 r-xp 00000000 08:02 659031                     /opt/jdk-1.6-x86_64/jre/lib/amd64/server/libjvm.so
7ff221af8000-7ff221bf7000 ---p 0091d000 08:02 659031                     /opt/jdk-1.6-x86_64/jre/lib/amd64/server/libjvm.so
7ff221bf7000-7ff221dad000 rwxp 0091c000 08:02 659031                     /opt/jdk-1.6-x86_64/jre/lib/amd64/server/libjvm.so
7ff221dad000-7ff221dea000 rwxp 00000000 00:00 0 
7ff221dea000-7ff221df1000 r-xp 00000000 08:02 658987                     /opt/jdk-1.6-x86_64/jre/lib/amd64/jli/libjli.so
7ff221df1000-7ff221ef2000 ---p 00007000 08:02 658987                     /opt/jdk-1.6-x86_64/jre/lib/amd64/jli/libjli.so
7ff221ef2000-7ff221ef4000 rwxp 00008000 08:02 658987                     /opt/jdk-1.6-x86_64/jre/lib/amd64/jli/libjli.so
7ff221ef4000-7ff221ef5000 rwxp 00000000 00:00 0 
7ff221f17000-7ff221f1f000 rwxs 00000000 08:03 391692                     /tmp/hsperfdata_awzurn/12107
7ff221f1f000-7ff221f20000 rwxp 00000000 00:00 0 
7ff221f20000-7ff221f21000 r-xp 00000000 00:00 0 
7ff221f21000-7ff221f22000 rwxp 00000000 00:00 0 
7fff5f621000-7fff5f642000 rwxp 00000000 00:00 0                          [stack]
7fff5f673000-7fff5f674000 r-xp 00000000 00:00 0                          [vdso]
ffffffffff600000-ffffffffff601000 r-xp 00000000 00:00 0                  [vsyscall]

VM Arguments:
jvm_args: -Dfile.encoding=UTF-8 -Xbootclasspath:/opt/eclipse-java-4.2.0/plugins/android-sdk-linux/platforms/android-16/android.jar 
java_command: org.eclipse.jdt.internal.junit.runner.RemoteTestRunner -version 3 -port 44898 -testLoaderClass org.eclipse.jdt.internal.junit.runner.junit3.JUnit3TestLoader -loaderpluginname org.eclipse.jdt.junit.runtime -classNames test.TestUser
Launcher Type: SUN_STANDARD

Environment Variables:
CLASSPATH=/home/f10/awzurn/JavaPackages:/usr/people/classes/Java:/usr/share/java/mysql-connector-java.jar:/usr/share/java/junit.jar:/usr/people/classes/Java/objectdraw/objectdraw.jar:.
PATH=/opt/bin:/opt/java-jdk/bin:/opt/intel/bin:/usr/lib64/qt-3.3/bin:/usr/NX/bin:/usr/local/bin:/bin:/usr/bin:/usr/local/sbin:/usr/sbin:/sbin:/opt/cuda-toolkit/bin:/opt/lejos-3.0rc2/bin:/opt/lejos-nxj-0.9.1/bin:/home/f10/awzurn/bin:/usr/local/physics/bin:/usr/local/fortran/bin:/usr/people/classes/apps/unix/bin:/usr/people/classes/writeups/bin:.
LD_LIBRARY_PATH=/opt/jdk-1.6-x86_64/jre/lib/amd64/server:/opt/jdk-1.6-x86_64/jre/lib/amd64:/opt/jdk-1.6-x86_64/jre/../lib/amd64
SHELL=/bin/tcsh
DISPLAY=:0
HOSTTYPE=x86_64-linux
OSTYPE=linux
MACHTYPE=x86_64

Signal Handlers:
SIGSEGV: [libjvm.so+0x861ea0], sa_mask[0]=0x7ffbfeff, sa_flags=0x10000004
SIGBUS: [libjvm.so+0x861ea0], sa_mask[0]=0x7ffbfeff, sa_flags=0x10000004
SIGFPE: [libjvm.so+0x70fc60], sa_mask[0]=0x7ffbfeff, sa_flags=0x10000004
SIGPIPE: [libjvm.so+0x70fc60], sa_mask[0]=0x7ffbfeff, sa_flags=0x10000004
SIGXFSZ: [libjvm.so+0x70fc60], sa_mask[0]=0x7ffbfeff, sa_flags=0x10000004
SIGILL: [libjvm.so+0x70fc60], sa_mask[0]=0x7ffbfeff, sa_flags=0x10000004
SIGUSR1: SIG_DFL, sa_mask[0]=0x00000000, sa_flags=0x00000000
SIGUSR2: [libjvm.so+0x712a90], sa_mask[0]=0x00000004, sa_flags=0x10000004
SIGHUP: SIG_DFL, sa_mask[0]=0x00000000, sa_flags=0x00000000
SIGINT: SIG_DFL, sa_mask[0]=0x00000000, sa_flags=0x00000000
SIGTERM: SIG_DFL, sa_mask[0]=0x00000000, sa_flags=0x00000000
SIGQUIT: SIG_DFL, sa_mask[0]=0x00000000, sa_flags=0x00000000


---------------  S Y S T E M  ---------------

OS:Fedora release 17 (Beefy Miracle)

uname:Linux 3.5.2-1.fc17.x86_64 #1 SMP Wed Aug 15 16:09:27 UTC 2012 x86_64
libc:glibc 2.15 NPTL 2.15 
rlimit: STACK 8192k, CORE 0k, NPROC 1024, NOFILE 4096, AS infinity
load average:0.40 0.24 0.23

/proc/meminfo:
MemTotal:        4007464 kB
MemFree:          230368 kB
Buffers:           25388 kB
Cached:          1357524 kB
SwapCached:        15248 kB
Active:          2184896 kB
Inactive:        1256008 kB
Active(anon):    1471784 kB
Inactive(anon):   611040 kB
Active(file):     713112 kB
Inactive(file):   644968 kB
Unevictable:           0 kB
Mlocked:               0 kB
SwapTotal:       7998460 kB
SwapFree:        7924732 kB
Dirty:                44 kB
Writeback:             0 kB
AnonPages:       2045492 kB
Mapped:           132944 kB
Shmem:             24932 kB
Slab:             210684 kB
SReclaimable:     178020 kB
SUnreclaim:        32664 kB
KernelStack:        2928 kB
PageTables:        35140 kB
NFS_Unstable:         16 kB
Bounce:                0 kB
WritebackTmp:          0 kB
CommitLimit:    10002192 kB
Committed_AS:    4468964 kB
VmallocTotal:   34359738367 kB
VmallocUsed:      338792 kB
VmallocChunk:   34359382012 kB
HardwareCorrupted:     0 kB
AnonHugePages:   1269760 kB
HugePages_Total:       0
HugePages_Free:        0
HugePages_Rsvd:        0
HugePages_Surp:        0
Hugepagesize:       2048 kB
DirectMap4k:      256000 kB
DirectMap2M:     2848768 kB


CPU:total 4 (4 cores per cpu, 1 threads per core) family 6 model 42 stepping 7, cmov, cx8, fxsr, mmx, sse, sse2, sse3, ssse3, sse4.1, sse4.2, popcnt

/proc/cpuinfo:
processor	: 0
vendor_id	: GenuineIntel
cpu family	: 6
model		: 42
model name	: Intel(R) Core(TM) i5-2400 CPU @ 3.10GHz
stepping	: 7
microcode	: 0x28
cpu MHz		: 3100.000
cache size	: 6144 KB
physical id	: 0
siblings	: 4
core id		: 0
cpu cores	: 4
apicid		: 0
initial apicid	: 0
fpu		: yes
fpu_exception	: yes
cpuid level	: 13
wp		: yes
flags		: fpu vme de pse tsc msr pae mce cx8 apic sep mtrr pge mca cmov pat pse36 clflush dts acpi mmx fxsr sse sse2 ss ht tm pbe syscall nx rdtscp lm constant_tsc arch_perfmon pebs bts rep_good nopl xtopology nonstop_tsc aperfmperf pni pclmulqdq dtes64 monitor ds_cpl vmx smx est tm2 ssse3 cx16 xtpr pdcm pcid sse4_1 sse4_2 x2apic popcnt tsc_deadline_timer aes xsave avx lahf_lm ida arat epb xsaveopt pln pts dtherm tpr_shadow vnmi flexpriority ept vpid
bogomips	: 6185.56
clflush size	: 64
cache_alignment	: 64
address sizes	: 36 bits physical, 48 bits virtual
power management:

processor	: 1
vendor_id	: GenuineIntel
cpu family	: 6
model		: 42
model name	: Intel(R) Core(TM) i5-2400 CPU @ 3.10GHz
stepping	: 7
microcode	: 0x28
cpu MHz		: 3101.000
cache size	: 6144 KB
physical id	: 0
siblings	: 4
core id		: 1
cpu cores	: 4
apicid		: 2
initial apicid	: 2
fpu		: yes
fpu_exception	: yes
cpuid level	: 13
wp		: yes
flags		: fpu vme de pse tsc msr pae mce cx8 apic sep mtrr pge mca cmov pat pse36 clflush dts acpi mmx fxsr sse sse2 ss ht tm pbe syscall nx rdtscp lm constant_tsc arch_perfmon pebs bts rep_good nopl xtopology nonstop_tsc aperfmperf pni pclmulqdq dtes64 monitor ds_cpl vmx smx est tm2 ssse3 cx16 xtpr pdcm pcid sse4_1 sse4_2 x2apic popcnt tsc_deadline_timer aes xsave avx lahf_lm ida arat epb xsaveopt pln pts dtherm tpr_shadow vnmi flexpriority ept vpid
bogomips	: 6185.56
clflush size	: 64
cache_alignment	: 64
address sizes	: 36 bits physical, 48 bits virtual
power management:

processor	: 2
vendor_id	: GenuineIntel
cpu family	: 6
model		: 42
model name	: Intel(R) Core(TM) i5-2400 CPU @ 3.10GHz
stepping	: 7
microcode	: 0x28
cpu MHz		: 1600.000
cache size	: 6144 KB
physical id	: 0
siblings	: 4
core id		: 2
cpu cores	: 4
apicid		: 4
initial apicid	: 4
fpu		: yes
fpu_exception	: yes
cpuid level	: 13
wp		: yes
flags		: fpu vme de pse tsc msr pae mce cx8 apic sep mtrr pge mca cmov pat pse36 clflush dts acpi mmx fxsr sse sse2 ss ht tm pbe syscall nx rdtscp lm constant_tsc arch_perfmon pebs bts rep_good nopl xtopology nonstop_tsc aperfmperf pni pclmulqdq dtes64 monitor ds_cpl vmx smx est tm2 ssse3 cx16 xtpr pdcm pcid sse4_1 sse4_2 x2apic popcnt tsc_deadline_timer aes xsave avx lahf_lm ida arat epb xsaveopt pln pts dtherm tpr_shadow vnmi flexpriority ept vpid
bogomips	: 6185.56
clflush size	: 64
cache_alignment	: 64
address sizes	: 36 bits physical, 48 bits virtual
power management:

processor	: 3
vendor_id	: GenuineIntel
cpu family	: 6
model		: 42
model name	: Intel(R) Core(TM) i5-2400 CPU @ 3.10GHz
stepping	: 7
microcode	: 0x28
cpu MHz		: 1600.000
cache size	: 6144 KB
physical id	: 0
siblings	: 4
core id		: 3
cpu cores	: 4
apicid		: 6
initial apicid	: 6
fpu		: yes
fpu_exception	: yes
cpuid level	: 13
wp		: yes
flags		: fpu vme de pse tsc msr pae mce cx8 apic sep mtrr pge mca cmov pat pse36 clflush dts acpi mmx fxsr sse sse2 ss ht tm pbe syscall nx rdtscp lm constant_tsc arch_perfmon pebs bts rep_good nopl xtopology nonstop_tsc aperfmperf pni pclmulqdq dtes64 monitor ds_cpl vmx smx est tm2 ssse3 cx16 xtpr pdcm pcid sse4_1 sse4_2 x2apic popcnt tsc_deadline_timer aes xsave avx lahf_lm ida arat epb xsaveopt pln pts dtherm tpr_shadow vnmi flexpriority ept vpid
bogomips	: 6185.56
clflush size	: 64
cache_alignment	: 64
address sizes	: 36 bits physical, 48 bits virtual
power management:



Memory: 4k page, physical 4007464k(230368k free), swap 7998460k(7924732k free)

vm_info: Java HotSpot(TM) 64-Bit Server VM (20.12-b01) for linux-amd64 JRE (1.6.0_37-b06), built on Sep 24 2012 11:47:45 by "java_re" with gcc 3.2.2 (SuSE Linux)

time: Sun Nov 18 23:14:25 2012
elapsed time: 0 seconds

